  Source.cpp
C:\Users\necagiltay\source\repos\CS405 - OpenGL game\CS405 - openGL game\Source.cpp(298,35): warning C4244: '=': conversion from 'double' to 'float', possible loss of data
C:\Users\necagiltay\source\repos\CS405 - OpenGL game\CS405 - openGL game\Source.cpp(306,27): warning C4244: '=': conversion from 'double' to 'T', possible loss of data
          with
          [
              T=float
          ]
C:\Users\necagiltay\source\repos\CS405 - OpenGL game\CS405 - openGL game\Source.cpp(307,27): warning C4244: '=': conversion from 'double' to 'T', possible loss of data
          with
          [
              T=float
          ]
C:\Users\necagiltay\source\repos\CS405 - OpenGL game\CS405 - openGL game\Source.cpp(308,27): warning C4244: '=': conversion from 'double' to 'T', possible loss of data
          with
          [
              T=float
          ]
C:\Users\necagiltay\source\repos\CS405 - OpenGL game\CS405 - openGL game\Source.cpp(359,39): warning C4244: '=': conversion from 'double' to 'float', possible loss of data
LINK : warning LNK4098: defaultlib 'MSVCRTD' conflicts with use of other libs; use /NODEFAULTLIB:library
  Generating code
  26 of 525 functions ( 5.0%) were compiled, the rest were copied from previous compilation.
    0 functions were new in current compilation
    55 functions had inline decision re-evaluated but remain unchanged
  Finished generating code
  CS405 - openGL game.vcxproj -> C:\Users\necagiltay\source\repos\CS405 - OpenGL game\x64\Release\CS405 - openGL game.exe
