  Source.cpp
C:\Users\necagiltay\source\repos\CS405 - OpenGL game\CS405 - openGL game\Source.cpp(232,28): warning C4244: 'initializing': conversion from 'double' to 'float', possible loss of data
C:\Users\necagiltay\source\repos\CS405 - OpenGL game\CS405 - openGL game\Source.cpp(241,27): warning C4244: '=': conversion from 'double' to 'T', possible loss of data
          with
          [
              T=float
          ]
C:\Users\necagiltay\source\repos\CS405 - OpenGL game\CS405 - openGL game\Source.cpp(242,27): warning C4244: '=': conversion from 'double' to 'T', possible loss of data
          with
          [
              T=float
          ]
C:\Users\necagiltay\source\repos\CS405 - OpenGL game\CS405 - openGL game\Source.cpp(243,27): warning C4244: '=': conversion from 'double' to 'T', possible loss of data
          with
          [
              T=float
          ]
C:\Users\necagiltay\source\repos\CS405 - OpenGL game\CS405 - openGL game\Source.cpp(287,39): warning C4244: '=': conversion from 'double' to 'float', possible loss of data
C:\Users\necagiltay\source\repos\CS405 - OpenGL game\CS405 - openGL game\Source.cpp(143,28): warning C4101: 'EBO': unreferenced local variable
  CS405 - openGL game.vcxproj -> C:\Users\necagiltay\source\repos\CS405 - OpenGL game\x64\Debug\CS405 - openGL game.exe
